<?xml version="1.0" encoding="UTF-8" ?>
<testsuite tests="32" failures="0" name="GoogleHappyTest" time="0.054" errors="0" skipped="0">
  <properties>
    <property name="java.runtime.name" value="Java(TM) SE Runtime Environment"/>
    <property name="java.vm.version" value="13.0.1+9"/>
    <property name="sun.boot.library.path" value="/Library/Java/JavaVirtualMachines/jdk-13.0.1.jdk/Contents/Home/lib"/>
    <property name="maven.multiModuleProjectDirectory" value="/Users/sarahkathrynhall/Documents/GitHub/BubbleTrouble"/>
    <property name="java.vm.vendor" value="Oracle Corporation"/>
    <property name="java.vendor.url" value="https://java.oracle.com/"/>
    <property name="guice.disable.misplaced.annotation.check" value="true"/>
    <property name="path.separator" value=":"/>
    <property name="java.vm.name" value="Java HotSpot(TM) 64-Bit Server VM"/>
    <property name="user.country" value="US"/>
    <property name="sun.java.launcher" value="SUN_STANDARD"/>
    <property name="java.vm.specification.name" value="Java Virtual Machine Specification"/>
    <property name="user.dir" value="/Users/sarahkathrynhall/Documents/GitHub/BubbleTrouble"/>
    <property name="java.vm.compressedOopsMode" value="Zero based"/>
    <property name="java.runtime.version" value="13.0.1+9"/>
    <property name="os.arch" value="x86_64"/>
    <property name="java.io.tmpdir" value="/var/folders/xr/tbz76hm5181gr49fdyln4qsc0000gn/T/"/>
    <property name="line.separator" value="
"/>
    <property name="java.vm.specification.vendor" value="Oracle Corporation"/>
    <property name="os.name" value="Mac OS X"/>
    <property name="classworlds.conf" value="/usr/local/Cellar/maven/3.6.3/libexec/bin/m2.conf"/>
    <property name="sun.jnu.encoding" value="UTF-8"/>
    <property name="java.library.path" value="/Users/sarahkathrynhall/Library/Java/Extensions:/Library/Java/Extensions:/Network/Library/Java/Extensions:/System/Library/Java/Extensions:/usr/lib/java:."/>
    <property name="maven.conf" value="/usr/local/Cellar/maven/3.6.3/libexec/conf"/>
    <property name="jdk.debug" value="release"/>
    <property name="java.class.version" value="57.0"/>
    <property name="java.specification.name" value="Java Platform API Specification"/>
    <property name="sun.management.compiler" value="HotSpot 64-Bit Tiered Compilers"/>
    <property name="os.version" value="10.15.3"/>
    <property name="library.jansi.path" value="/usr/local/Cellar/maven/3.6.3/libexec/lib/jansi-native"/>
    <property name="http.nonProxyHosts" value="local|*.local|169.254/16|*.169.254/16"/>
    <property name="user.home" value="/Users/sarahkathrynhall"/>
    <property name="user.timezone" value="America/Chicago"/>
    <property name="file.encoding" value="UTF-8"/>
    <property name="java.specification.version" value="13"/>
    <property name="user.name" value="sarahkathrynhall"/>
    <property name="java.class.path" value="/usr/local/Cellar/maven/3.6.3/libexec/boot/plexus-classworlds-2.6.0.jar"/>
    <property name="java.vm.specification.version" value="13"/>
    <property name="sun.arch.data.model" value="64"/>
    <property name="sun.java.command" value="org.codehaus.plexus.classworlds.launcher.Launcher test"/>
    <property name="java.home" value="/Library/Java/JavaVirtualMachines/jdk-13.0.1.jdk/Contents/Home"/>
    <property name="user.language" value="en"/>
    <property name="java.specification.vendor" value="Oracle Corporation"/>
    <property name="java.vm.info" value="mixed mode, sharing"/>
    <property name="java.version" value="13.0.1"/>
    <property name="java.vendor" value="Oracle Corporation"/>
    <property name="maven.home" value="/usr/local/Cellar/maven/3.6.3/libexec"/>
    <property name="file.separator" value="/"/>
    <property name="java.version.date" value="2019-10-15"/>
    <property name="java.vendor.url.bug" value="https://bugreport.java.com/bugreport/"/>
    <property name="sun.io.unicode.encoding" value="UnicodeBig"/>
    <property name="sun.cpu.endian" value="little"/>
    <property name="socksNonProxyHosts" value="local|*.local|169.254/16|*.169.254/16"/>
    <property name="ftp.nonProxyHosts" value="local|*.local|169.254/16|*.169.254/16"/>
  </properties>
  <testcase classname="GoogleHappyTest" name="TestCorretnessOfMatrix" time="0.019"/>
  <testcase classname="GoogleHappyTest" name="TestCorretnessOfMatrix2" time="0.002"/>
  <testcase classname="GoogleHappyTest" name="TestCorretnessOfMatrixFail" time="0.002"/>
  <testcase classname="GoogleHappyTest" name="TestDiagonalZeros" time="0.002"/>
  <testcase classname="GoogleHappyTest" name="TestFailDiagonalZeros" time="0.001"/>
  <testcase classname="GoogleHappyTest" name="TestFinalIndividualPageRank1" time="0.002"/>
  <testcase classname="GoogleHappyTest" name="TestFinalIndividualPageRank2" time="0.002"/>
  <testcase classname="GoogleHappyTest" name="TestFinalIndividualPageRank3" time="0.001"/>
  <testcase classname="GoogleHappyTest" name="TestFinalIndividualPageRankFails" time="0.002"/>
  <testcase classname="GoogleHappyTest" name="TestFinalTotalPageRank1" time="0.002"/>
  <testcase classname="GoogleHappyTest" name="TestFinalTotalPageRank2" time="0.001"/>
  <testcase classname="GoogleHappyTest" name="TestFinalTotalPageRankFails" time="0.001"/>
  <testcase classname="GoogleHappyTest" name="TestFinalTotalPageRankLessThanOne1" time="0.001"/>
  <testcase classname="GoogleHappyTest" name="TestFinalTotalPageRankLessThanOne2" time="0.001"/>
  <testcase classname="GoogleHappyTest" name="TestFinalTotalPageRankLessThanOneFails" time="0.001"/>
  <testcase classname="GoogleHappyTest" name="TestRange" time="0.001"/>
  <testcase classname="GoogleHappyTest" name="TestRange2" time="0"/>
  <testcase classname="GoogleHappyTest" name="TestTeamSize1" time="0.001"/>
  <testcase classname="GoogleHappyTest" name="TestUnpopularity" time="0.002"/>
  <testcase classname="GoogleHappyTest" name="TestVerbose1" time="0.001"/>
  <testcase classname="GoogleHappyTest" name="TestVerbose2" time="0.001"/>
  <testcase classname="GoogleHappyTest" name="TestVerbose3" time="0.001"/>
  <testcase classname="GoogleHappyTest" name="TestVerbose4" time="0.001"/>
  <testcase classname="GoogleHappyTest" name="TestVerbose5" time="0"/>
  <testcase classname="GoogleHappyTest" name="TestVerboseFails1" time="0"/>
  <testcase classname="GoogleHappyTest" name="TestZeroPreferences" time="0.001"/>
  <testcase classname="GoogleHappyTest" name="numNodesVsPeople1" time="0"/>
  <testcase classname="GoogleHappyTest" name="numNodesVsPeople2" time="0.001"/>
  <testcase classname="GoogleHappyTest" name="numNodesVsPeople3" time="0.001"/>
  <testcase classname="GoogleHappyTest" name="numNodesVsPeopleFails1" time="0.001"/>
  <testcase classname="GoogleHappyTest" name="numNodesVsPeopleFails2" time="0.001"/>
  <testcase classname="GoogleHappyTest" name="numNodesVsPeopleFails3" time="0.001"/>
</testsuite>